Removed Pin From Net: NetName=SWDIO Pin=P2-2
Removed Pin From Net: NetName=SWCLK Pin=P2-3
Removed Pin From Net: NetName=SCK Pin=RU2-2
Removed Pin From Net: NetName=CS Pin=RU3-2
Removed Pin From Net: NetName=DGND Pin=SB1-4
Removed Pin From Net: NetName=NetQB1_1 Pin=SB1-5
Removed Pin From Net: NetName=NetBT1_1 Pin=SB1-6
Removed Member From Class: ClassName=Sheet1 Member=SB1
Added Component: Designator=RB5(C 0603 / 1608)
Add component (AddParameter): Name = "LatestRevisionDate"; Value = "17-Jul-2002"; VariantName = "[No Variations]"
Add component (AddParameter): Name = "LatestRevisionNote"; Value = "Re-released for DXP Platform."; VariantName = "[No Variations]"
Add component (AddParameter): Name = "PackageDescription"; Value = "Axial Device, Thru-Hole; 2 Leads; 0.3 in Pin Spacing"; VariantName = "[No Variations]"
Add component (AddParameter): Name = "PackageReference"; Value = "AXIAL-0.3"; VariantName = "[No Variations]"
Add component (AddParameter): Name = "Published"; Value = "8-Jun-2000"; VariantName = "[No Variations]"
Add component (AddParameter): Name = "Publisher"; Value = "Altium Limited"; VariantName = "[No Variations]"
Add component (AddParameter): Name = "Value"; Value = "JMP"; VariantName = "[No Variations]"
Added Component: Designator=SW6(FP-JS202011SCQN-MFG)
Add component (AddParameter): Name = "Actuator Length"; Value = "2mm"; VariantName = "[No Variations]"
Add component (AddParameter): Name = "Actuator Material"; Value = "Nylon"; VariantName = "[No Variations]"
Add component (AddParameter): Name = "Actuator Type"; Value = "Standard"; VariantName = "[No Variations]"
Add component (AddParameter): Name = "Contact Current Rating"; Value = "300mA"; VariantName = "[No Variations]"
Add component (AddParameter): Name = "Contact Material"; Value = "Copper Alloy"; VariantName = "[No Variations]"
Add component (AddParameter): Name = "Contact Plating"; Value = "Silver"; VariantName = "[No Variations]"
Add component (AddParameter): Name = "Contact Resistance"; Value = "70mR"; VariantName = "[No Variations]"
Add component (AddParameter): Name = "Current Rating"; Value = "300mA"; VariantName = "[No Variations]"
Add component (AddParameter): Name = "Depth"; Value = "7.5mm"; VariantName = "[No Variations]"
Add component (AddParameter): Name = "Electrical Life"; Value = "5000Cycles"; VariantName = "[No Variations]"
Add component (AddParameter): Name = "Flammability Rating"; Value = "UL94 V-2"; VariantName = "[No Variations]"
Add component (AddParameter): Name = "Housing Material"; Value = "Nylon"; VariantName = "[No Variations]"
Add component (AddParameter): Name = "Lead Free"; Value = "Lead Free"; VariantName = "[No Variations]"
Add component (AddParameter): Name = "Length"; Value = "9mm"; VariantName = "[No Variations]"
Add component (AddParameter): Name = "Max Current Rating"; Value = "300mA"; VariantName = "[No Variations]"
Add component (AddParameter): Name = "Max Operating Temperature"; Value = "85°C"; VariantName = "[No Variations]"
Add component (AddParameter): Name = "Max Voltage Rating (DC)"; Value = "6V"; VariantName = "[No Variations]"
Add component (AddParameter): Name = "Min Operating Temperature"; Value = "-20°C"; VariantName = "[No Variations]"
Add component (AddParameter): Name = "Mount"; Value = "Surface Mount"; VariantName = "[No Variations]"
Add component (AddParameter): Name = "Orientation"; Value = "Vertical"; VariantName = "[No Variations]"
Add component (AddParameter): Name = "Package Quantity"; Value = "1"; VariantName = "[No Variations]"
Add component (AddParameter): Name = "Packaging"; Value = "Tape and Reel"; VariantName = "[No Variations]"
Add component (AddParameter): Name = "Radiation Hardening"; Value = "No"; VariantName = "[No Variations]"
Add component (AddParameter): Name = "REACH SVHC"; Value = "No SVHC"; VariantName = "[No Variations]"
Add component (AddParameter): Name = "Switch Function"; Value = "On-On"; VariantName = "[No Variations]"
Add component (AddParameter): Name = "Switch Travel"; Value = "2mm"; VariantName = "[No Variations]"
Add component (AddParameter): Name = "Termination"; Value = "Gull Wing"; VariantName = "[No Variations]"
Add component (AddParameter): Name = "Throw Configuration"; Value = "DPDT"; VariantName = "[No Variations]"
Add component (AddParameter): Name = "Voltage Rating (DC)"; Value = "6V"; VariantName = "[No Variations]"
Added Pin To Net: NetName=SWCLK Pin=P2-2
Added Pin To Net: NetName=SWDIO Pin=P2-3
Added Pin To Net: NetName=NetBT1_1 Pin=RB5-1
Added Pin To Net: NetName=CS Pin=RU2-2
Added Pin To Net: NetName=SCK Pin=RU3-2
Added Pin To Net: NetName=DGND Pin=SW6-4
Added Pin To Net: NetName=NetQB1_1 Pin=SW6-5
Added Pin To Net: NetName=NetRB5_2 Pin=RB5-2
Added Pin To Net: NetName=NetRB5_2 Pin=SW6-6
Added Net: Name=NetRB5_2
Added Member To Class: ClassName=Sheet1 Member=Component RB5 Res1
Added Member To Class: ClassName=Sheet1 Member=Component SW6 JS202011SCQN
