Added Component: Designator=CH4(C 0603 / 1608)
Add component (AddParameter): Name = "LatestRevisionDate"; Value = "17-Jul-2002"; VariantName = "[No Variations]"
Add component (AddParameter): Name = "LatestRevisionNote"; Value = "Re-released for DXP Platform."; VariantName = "[No Variations]"
Add component (AddParameter): Name = "PackageDescription"; Value = "Radial Cap, Thru-Hole; 2 Leads; 0.3 in Pin Spacing"; VariantName = "[No Variations]"
Add component (AddParameter): Name = "PackageReference"; Value = "RAD-0.3"; VariantName = "[No Variations]"
Add component (AddParameter): Name = "Published"; Value = "8-Jun-2000"; VariantName = "[No Variations]"
Add component (AddParameter): Name = "Publisher"; Value = "Altium Limited"; VariantName = "[No Variations]"
Add component (AddParameter): Name = "Value"; Value = "220p"; VariantName = "[No Variations]"
Added Component: Designator=JH1(FUSE_BK-6003)
Added Component: Designator=JH?(FUSE_BK-6003)
Added Component: Designator=QH?(ONSC-SOT-23-3-318-08_M)
Add component (AddParameter): Name = "ComponentLink1Description"; Value = "Manufacturer URL"; VariantName = "[No Variations]"
Add component (AddParameter): Name = "ComponentLink1URL"; Value = "http://www.onsemi.com/"; VariantName = "[No Variations]"
Add component (AddParameter): Name = "ComponentLink2Description"; Value = "Datasheet"; VariantName = "[No Variations]"
Add component (AddParameter): Name = "ComponentLink2URL"; Value = "http://www.onsemi.com/pub_link/Collateral/MMBT2222LT1-D.PDF"; VariantName = "[No Variations]"
Add component (AddParameter): Name = "ComponentLink3Description"; Value = "Package Specification"; VariantName = "[No Variations]"
Add component (AddParameter): Name = "ComponentLink3URL"; Value = "http://www.onsemi.com/pub_link/Collateral/MMBT2222LT1-D.PDF"; VariantName = "[No Variations]"
Add component (AddParameter): Name = "DatasheetVersion"; Value = "Rev. 10"; VariantName = "[No Variations]"
Add component (AddParameter): Name = "FT"; Value = "250 MHz"; VariantName = "[No Variations]"
Add component (AddParameter): Name = "HFE Max."; Value = "300"; VariantName = "[No Variations]"
Add component (AddParameter): Name = "HFE Min."; Value = "100"; VariantName = "[No Variations]"
Add component (AddParameter): Name = "IC Continuous"; Value = "0.6 A"; VariantName = "[No Variations]"
Add component (AddParameter): Name = "Manufacturer"; Value = "ON Semiconductor"; VariantName = "[No Variations]"
Add component (AddParameter): Name = "Mounting Technology"; Value = "Surface Mount"; VariantName = "[No Variations]"
Add component (AddParameter): Name = "PackageDescription"; Value = "3-Pin SOT23, Body 2.9 x 1.3 mm, Pitch 0.95 mm"; VariantName = "[No Variations]"
Add component (AddParameter): Name = "PackageReference"; Value = "SOT-23-3"; VariantName = "[No Variations]"
Add component (AddParameter): Name = "PackageVersion"; Value = "Rev. AP"; VariantName = "[No Variations]"
Add component (AddParameter): Name = "Packing"; Value = "Tape and Reel"; VariantName = "[No Variations]"
Add component (AddParameter): Name = "PartNumber"; Value = "MMBT2222LT1G"; VariantName = "[No Variations]"
Add component (AddParameter): Name = "Polarity"; Value = "NPN"; VariantName = "[No Variations]"
Add component (AddParameter): Name = "PTM Max."; Value = "0.225 W"; VariantName = "[No Variations]"
Add component (AddParameter): Name = "RoHS"; Value = "TRUE"; VariantName = "[No Variations]"
Add component (AddParameter): Name = "V(BR) CEO"; Value = "30 V Min."; VariantName = "[No Variations]"
Added Component: Designator=RH9(RES0603R)
Add component (AddParameter): Name = "LatestRevisionDate"; Value = "17-Jul-2002"; VariantName = "[No Variations]"
Add component (AddParameter): Name = "LatestRevisionNote"; Value = "Re-released for DXP Platform."; VariantName = "[No Variations]"
Add component (AddParameter): Name = "PackageDescription"; Value = "Axial Device, Thru-Hole; 2 Leads; 0.3 in Pin Spacing"; VariantName = "[No Variations]"
Add component (AddParameter): Name = "PackageReference"; Value = "AXIAL-0.3"; VariantName = "[No Variations]"
Add component (AddParameter): Name = "Published"; Value = "8-Jun-2000"; VariantName = "[No Variations]"
Add component (AddParameter): Name = "Publisher"; Value = "Altium Limited"; VariantName = "[No Variations]"
Add component (AddParameter): Name = "Value"; Value = "1.5k"; VariantName = "[No Variations]"
Added Component: Designator=RH10(RES0603R)
Add component (AddParameter): Name = "LatestRevisionDate"; Value = "17-Jul-2002"; VariantName = "[No Variations]"
Add component (AddParameter): Name = "LatestRevisionNote"; Value = "Re-released for DXP Platform."; VariantName = "[No Variations]"
Add component (AddParameter): Name = "PackageDescription"; Value = "Axial Device, Thru-Hole; 2 Leads; 0.3 in Pin Spacing"; VariantName = "[No Variations]"
Add component (AddParameter): Name = "PackageReference"; Value = "AXIAL-0.3"; VariantName = "[No Variations]"
Add component (AddParameter): Name = "Published"; Value = "8-Jun-2000"; VariantName = "[No Variations]"
Add component (AddParameter): Name = "Publisher"; Value = "Altium Limited"; VariantName = "[No Variations]"
Add component (AddParameter): Name = "Value"; Value = "100k"; VariantName = "[No Variations]"
Added Component: Designator=RH11(RES0603R)
Add component (AddParameter): Name = "LatestRevisionDate"; Value = "17-Jul-2002"; VariantName = "[No Variations]"
Add component (AddParameter): Name = "LatestRevisionNote"; Value = "Re-released for DXP Platform."; VariantName = "[No Variations]"
Add component (AddParameter): Name = "PackageDescription"; Value = "Axial Device, Thru-Hole; 2 Leads; 0.3 in Pin Spacing"; VariantName = "[No Variations]"
Add component (AddParameter): Name = "PackageReference"; Value = "AXIAL-0.3"; VariantName = "[No Variations]"
Add component (AddParameter): Name = "Published"; Value = "8-Jun-2000"; VariantName = "[No Variations]"
Add component (AddParameter): Name = "Publisher"; Value = "Altium Limited"; VariantName = "[No Variations]"
Add component (AddParameter): Name = "Value"; Value = "10k"; VariantName = "[No Variations]"
Added Pin To Net: NetName=GND Pin=CH4-1
Added Pin To Net: NetName=GND Pin=QH?-2
Added Pin To Net: NetName=GND Pin=RH10-1
Added Pin To Net: NetName=VCC Pin=RH11-2
Added Pin To Net: NetName=NetCH4_2 Pin=CH4-2
Added Pin To Net: NetName=NetCH4_2 Pin=JH?-1
Added Pin To Net: NetName=NetCH4_2 Pin=JH?-1
Added Pin To Net: NetName=NetCH4_2 Pin=RH9-2
Added Net: Name=NetCH4_2
Added Pin To Net: NetName=NetJH1_1 Pin=JH1-1
Added Pin To Net: NetName=NetJH1_1 Pin=JH1-1
Added Pin To Net: NetName=NetJH1_1 Pin=RH8-2
Added Net: Name=NetJH1_1
Added Pin To Net: NetName=NetQH?_1 Pin=QH?-1
Added Pin To Net: NetName=NetQH?_1 Pin=RH9-1
Added Pin To Net: NetName=NetQH?_1 Pin=RH10-2
Added Net: Name=NetQH?_1
Added Pin To Net: NetName=PULSE Pin=QH?-3
Added Pin To Net: NetName=PULSE Pin=RH11-1
Added Pin To Net: NetName=PULSE Pin=U1-10
Added Net: Name=PULSE
Added Member To Class: ClassName=U_GM-hv Member=Component CH4 Cap
Added Member To Class: ClassName=U_GM-hv Member=Component JH1 Fuse Clip
Added Member To Class: ClassName=U_GM-hv Member=Component JH? Fuse Clip
Added Member To Class: ClassName=U_GM-hv Member=Component QH? MMBT4401
Added Member To Class: ClassName=U_GM-hv Member=Component RH9 Res1
Added Member To Class: ClassName=U_GM-hv Member=Component RH10 Res1
Added Member To Class: ClassName=U_GM-hv Member=Component RH11 Res1
