Added Component: Designator=U1(SOP65P640X120-20N - duplicate)
Add component (AddParameter): Name = "Digi-Key_Part_Number"; Value = "497-11579-ND"; VariantName = "[No Variations]"
Add component (AddParameter): Name = "Digi-Key_Purchase_URL"; Value = "https://www.digikey.com/product-detail/en/stmicroelectronics/STM8S103F3P6/497-11579-ND/2214618?utm_source=snapeda&utm_medium=aggregator&utm_campaign=symbol"; VariantName = "[No Variations]"
Add component (AddParameter): Name = "MF"; Value = "STMicroelectronics"; VariantName = "[No Variations]"
Add component (AddParameter): Name = "MP"; Value = "STM8S103F3P6"; VariantName = "[No Variations]"
Add component (AddParameter): Name = "Package"; Value = "TSSOP-20 STMicroelectronics"; VariantName = "[No Variations]"
Add component (AddParameter): Name = "SnapEDA_Link"; Value = "https://www.snapeda.com/parts/STM8S103F3P6/STMicroelectronics/view-part/108029/?ref=snap"; VariantName = "[No Variations]"
Add component (AddParameter): Name = "Value"; Value = ""; VariantName = "[No Variations]"
Added Component: Designator=U2(SOP-28)
Added Component: Designator=UH1(SOIC-8)
Add component (AddParameter): Name = "Availability"; Value = "Unavailable"; VariantName = "[No Variations]"
Add component (AddParameter): Name = "MF"; Value = "Texas Instruments"; VariantName = "[No Variations]"
Add component (AddParameter): Name = "MP"; Value = "NE555P"; VariantName = "[No Variations]"
Add component (AddParameter): Name = "Package"; Value = "PDIP-8 STMicroelectronics"; VariantName = "[No Variations]"
Add component (AddParameter): Name = "Price"; Value = "None"; VariantName = "[No Variations]"
Add component (AddParameter): Name = "SnapEDA_Link"; Value = "https://www.snapeda.com/parts/NE555P/Texas%20Instruments/view-part/?ref=snap"; VariantName = "[No Variations]"
Add component (AddParameter): Name = "Value"; Value = ""; VariantName = "[No Variations]"
Added Pin To Net: NetName=TX Pin=U1-2
Added Pin To Net: NetName=RX Pin=U1-3
Added Pin To Net: NetName=RST Pin=U1-4
Added Pin To Net: NetName=DGND Pin=U1-7
Added Pin To Net: NetName=NetCU1_2 Pin=U1-8
Added Pin To Net: NetName=VCC Pin=U1-9
Added Pin To Net: NetName=SW1 Pin=U1-11
Added Pin To Net: NetName=SW2 Pin=U1-12
Added Pin To Net: NetName=SCK Pin=U1-16
Added Pin To Net: NetName=DATA Pin=U1-17
Added Pin To Net: NetName=CS Pin=U1-18
Added Pin To Net: NetName=Pot Pin=U1-20
Added Pin To Net: NetName=VCC Pin=U2-4
Added Pin To Net: NetName=SEG1 Pin=U2-5
Added Pin To Net: NetName=SEG2 Pin=U2-6
Added Pin To Net: NetName=SEG3 Pin=U2-7
Added Pin To Net: NetName=SEG4 Pin=U2-8
Added Pin To Net: NetName=SEG5 Pin=U2-9
Added Pin To Net: NetName=SEG6 Pin=U2-10
Added Pin To Net: NetName=SEG7 Pin=U2-11
Added Pin To Net: NetName=SEG8 Pin=U2-12
Added Pin To Net: NetName=VCC Pin=U2-15
Added Pin To Net: NetName=DGND Pin=U2-18
Added Pin To Net: NetName=GR6 Pin=U2-19
Added Pin To Net: NetName=GR5 Pin=U2-20
Added Pin To Net: NetName=GR4 Pin=U2-21
Added Pin To Net: NetName=GR3 Pin=U2-22
Added Pin To Net: NetName=GR2 Pin=U2-23
Added Pin To Net: NetName=GR1 Pin=U2-24
Added Pin To Net: NetName=DGND Pin=U2-25
Added Pin To Net: NetName=DATA Pin=U2-26
Added Pin To Net: NetName=SCK Pin=U2-27
Added Pin To Net: NetName=CS Pin=U2-28
Added Pin To Net: NetName=GND Pin=UH1-1
Added Pin To Net: NetName=NetCH1_2 Pin=UH1-2
Added Pin To Net: NetName=NetRH2_2 Pin=UH1-3
Added Pin To Net: NetName=RESET Pin=UH1-4
Added Pin To Net: NetName=GND Pin=UH1-6
Added Pin To Net: NetName=NetQH1_2 Pin=UH1-7
Added Pin To Net: NetName=VCC Pin=UH1-8
Added Member To Class: ClassName=Sheet1 Member=Component U1 STM8S103F3P6
Added Member To Class: ClassName=Sheet1 Member=Component U2 TM1638
Added Member To Class: ClassName=U_GM-hv Member=Component UH1 NE555P
